SH SERIES C/C++ Compiler (Ver. 6.0C)                                                                 06-Jun-2015 22:51:23  PAGE    1

************ OBJECT LISTING ************

FILE NAME: C:\Users\Administrator\Desktop\2015-06-6交点法转线元推链表\2015-06-4交点法转线元推链表\xy.c

SCT OFFSET   CODE       C LABEL     INSTRUCTION OPERAND    COMMENT

            xy.c     1    #include <stdio.h>
P   00000000              _sd_to_xya:                      ; function: sd_to_xya
                                                           ; frame size=152
                                                           ; used runtime library name:
                                                           ; __ged, __led
    00000000 2FE6                   MOV.L       R14,@-R15
    00000002 2FD6                   MOV.L       R13,@-R15
    00000004 2FC6                   MOV.L       R12,@-R15
    00000006 2FB6                   MOV.L       R11,@-R15
    00000008 2FA6                   MOV.L       R10,@-R15
    0000000A 2F96                   MOV.L       R9,@-R15
    0000000C 2F86                   MOV.L       R8,@-R15
    0000000E 4F22                   STS.L       PR,@-R15
    00000010 D85A                   MOV.L       L588,R8    ; _zbzs_x
    00000012 7FC0                   ADD         #-64,R15
    00000014 D95A                   MOV.L       L588+4,R9  ; _intialCZb
    00000016 6EF3                   MOV         R15,R14
    00000018 2F42                   MOV.L       R4,@R15
    0000001A 7E04                   ADD         #4,R14
    0000001C DA59                   MOV.L       L588+8,R10 ; _l_pqx
    0000001E DB5A                   MOV.L       L588+12,R11; _GetList
    00000020 DC5A                   MOV.L       L588+16,R12; _zbzs_a
    00000022 A096                   BRA         L570
    00000024 ED00                   MOV         #0,R13
    00000026              L571:                             
    00000026 65D3                   MOV         R13,R5
    00000028 D456                   MOV.L       L588+8,R4  ; _l_pqx
    0000002A 4B0B                   JSR         @R11
    0000002C 2FE6                   MOV.L       R14,@-R15
    0000002E 7F04                   ADD         #4,R15
    00000030 E068                   MOV         #104,R0
    00000032 03FE                   MOV.L       @(R0,R15),R3
    00000034 2F36                   MOV.L       R3,@-R15
    00000036 E068                   MOV         #104,R0
    00000038 03FE                   MOV.L       @(R0,R15),R3
    0000003A 2F36                   MOV.L       R3,@-R15
    0000003C 52E1                   MOV.L       @(4,R14),R2
    0000003E 2F26                   MOV.L       R2,@-R15
    00000040 62E2                   MOV.L       @R14,R2
    00000042 D353                   MOV.L       L588+20,R3 ; __ged
    00000044 430B                   JSR         @R3
    00000046 2F26                   MOV.L       R2,@-R15
    00000048 8800                   CMP/EQ      #0,R0
    0000004A 8B01                   BF          L589
    0000004C A080                   BRA         L572
    0000004E 0009                   NOP
    00000050              L589:                             
    00000050 E068                   MOV         #104,R0
    00000052 02FE                   MOV.L       @(R0,R15),R2
    00000054 2F26                   MOV.L       R2,@-R15
    00000056 E068                   MOV         #104,R0
    00000058 02FE                   MOV.L       @(R0,R15),R2
    0000005A 2F26                   MOV.L       R2,@-R15
    0000005C 53E3                   MOV.L       @(12,R14),R3




SH SERIES C/C++ Compiler (Ver. 6.0C)                                                                 06-Jun-2015 22:51:23  PAGE    2


SCT OFFSET   CODE       C LABEL     INSTRUCTION OPERAND    COMMENT

    0000005E 2F36                   MOV.L       R3,@-R15
    00000060 53E2                   MOV.L       @(8,R14),R3
    00000062 D24C                   MOV.L       L588+24,R2 ; __led
    00000064 420B                   JSR         @R2
    00000066 2F36                   MOV.L       R3,@-R15
    00000068 8800                   CMP/EQ      #0,R0
    0000006A 8971                   BT          L572
    0000006C 53EE                   MOV.L       @(56,R14),R3
    0000006E 2F36                   MOV.L       R3,@-R15
    00000070 53ED                   MOV.L       @(52,R14),R3
    00000072 2F36                   MOV.L       R3,@-R15
    00000074 52EC                   MOV.L       @(48,R14),R2
    00000076 2F26                   MOV.L       R2,@-R15
    00000078 52EB                   MOV.L       @(44,R14),R2
    0000007A 2F26                   MOV.L       R2,@-R15
    0000007C 53E9                   MOV.L       @(36,R14),R3
    0000007E 2F36                   MOV.L       R3,@-R15
    00000080 53E8                   MOV.L       @(32,R14),R3
    00000082 2F36                   MOV.L       R3,@-R15
    00000084 52E7                   MOV.L       @(28,R14),R2
    00000086 2F26                   MOV.L       R2,@-R15
    00000088 52E6                   MOV.L       @(24,R14),R2
    0000008A 2F26                   MOV.L       R2,@-R15
    0000008C 53E5                   MOV.L       @(20,R14),R3
    0000008E 2F36                   MOV.L       R3,@-R15
    00000090 53E4                   MOV.L       @(16,R14),R3
    00000092 2F36                   MOV.L       R3,@-R15
    00000094 52E3                   MOV.L       @(12,R14),R2
    00000096 2F26                   MOV.L       R2,@-R15
    00000098 52E2                   MOV.L       @(8,R14),R2
    0000009A 2F26                   MOV.L       R2,@-R15
    0000009C 53E1                   MOV.L       @(4,R14),R3
    0000009E 2F36                   MOV.L       R3,@-R15
    000000A0 63E2                   MOV.L       @R14,R3
    000000A2 2F36                   MOV.L       R3,@-R15
    000000A4 490B                   JSR         @R9
    000000A6 54EA                   MOV.L       @(40,R14),R4
    000000A8 7F38                   ADD         #56,R15
    000000AA 60F2                   MOV.L       @R15,R0
    000000AC 8800                   CMP/EQ      #0,R0
    000000AE 8903                   BT          L566
    000000B0 8801                   CMP/EQ      #1,R0
    000000B2 891A                   BT          L567
    000000B4 A033                   BRA         L568
    000000B6 0009                   NOP
    000000B8              L566:                            ; case label 
    000000B8 E078                   MOV         #120,R0
    000000BA 03FE                   MOV.L       @(R0,R15),R3
    000000BC 2F36                   MOV.L       R3,@-R15
    000000BE E078                   MOV         #120,R0
    000000C0 03FE                   MOV.L       @(R0,R15),R3
    000000C2 E078                   MOV         #120,R0
    000000C4 2F36                   MOV.L       R3,@-R15
    000000C6 02FE                   MOV.L       @(R0,R15),R2
    000000C8 2F26                   MOV.L       R2,@-R15
    000000CA E078                   MOV         #120,R0
    000000CC 02FE                   MOV.L       @(R0,R15),R2




SH SERIES C/C++ Compiler (Ver. 6.0C)                                                                 06-Jun-2015 22:51:23  PAGE    3


SCT OFFSET   CODE       C LABEL     INSTRUCTION OPERAND    COMMENT

    000000CE E078                   MOV         #120,R0
    000000D0 2F26                   MOV.L       R2,@-R15
    000000D2 03FE                   MOV.L       @(R0,R15),R3
    000000D4 2F36                   MOV.L       R3,@-R15
    000000D6 E078                   MOV         #120,R0
    000000D8 03FE                   MOV.L       @(R0,R15),R3
    000000DA 2F36                   MOV.L       R3,@-R15
    000000DC 62F3                   MOV         R15,R2
    000000DE 7278                   ADD         #120,R2
    000000E0 6222                   MOV.L       @R2,R2
    000000E2 480B                   JSR         @R8
    000000E4 2F26                   MOV.L       R2,@-R15
    000000E6 A031                   BRA         L586
    000000E8 0009                   NOP
    000000EA              L567:                            ; case label 
    000000EA E078                   MOV         #120,R0
    000000EC D12A                   MOV.L       L588+28,R1 ; _zbzs_y
    000000EE 02FE                   MOV.L       @(R0,R15),R2
    000000F0 2F26                   MOV.L       R2,@-R15
    000000F2 E078                   MOV         #120,R0
    000000F4 02FE                   MOV.L       @(R0,R15),R2
    000000F6 E078                   MOV         #120,R0
    000000F8 2F26                   MOV.L       R2,@-R15
    000000FA 03FE                   MOV.L       @(R0,R15),R3
    000000FC 2F36                   MOV.L       R3,@-R15
    000000FE E078                   MOV         #120,R0
    00000100 03FE                   MOV.L       @(R0,R15),R3
    00000102 E078                   MOV         #120,R0
    00000104 2F36                   MOV.L       R3,@-R15
    00000106 02FE                   MOV.L       @(R0,R15),R2
    00000108 2F26                   MOV.L       R2,@-R15
    0000010A E078                   MOV         #120,R0
    0000010C 02FE                   MOV.L       @(R0,R15),R2
    0000010E 2F26                   MOV.L       R2,@-R15
    00000110 63F3                   MOV         R15,R3
    00000112 7378                   ADD         #120,R3
    00000114 6332                   MOV.L       @R3,R3
    00000116 410B                   JSR         @R1
    00000118 2F36                   MOV.L       R3,@-R15
    0000011A A017                   BRA         L586
    0000011C 0009                   NOP
    0000011E              L568:                            ; default label 
    0000011E E078                   MOV         #120,R0
    00000120 01FE                   MOV.L       @(R0,R15),R1
    00000122 E078                   MOV         #120,R0
    00000124 2F16                   MOV.L       R1,@-R15
    00000126 01FE                   MOV.L       @(R0,R15),R1
    00000128 2F16                   MOV.L       R1,@-R15
    0000012A E078                   MOV         #120,R0
    0000012C 03FE                   MOV.L       @(R0,R15),R3
    0000012E E078                   MOV         #120,R0
    00000130 2F36                   MOV.L       R3,@-R15
    00000132 03FE                   MOV.L       @(R0,R15),R3
    00000134 2F36                   MOV.L       R3,@-R15
    00000136 E078                   MOV         #120,R0
    00000138 02FE                   MOV.L       @(R0,R15),R2
    0000013A E078                   MOV         #120,R0




SH SERIES C/C++ Compiler (Ver. 6.0C)                                                                 06-Jun-2015 22:51:23  PAGE    4


SCT OFFSET   CODE       C LABEL     INSTRUCTION OPERAND    COMMENT

    0000013C 2F26                   MOV.L       R2,@-R15
    0000013E 02FE                   MOV.L       @(R0,R15),R2
    00000140 2F26                   MOV.L       R2,@-R15
    00000142 63F3                   MOV         R15,R3
    00000144 7378                   ADD         #120,R3
    00000146 6332                   MOV.L       @R3,R3
    00000148 4C0B                   JSR         @R12
    0000014A 2F36                   MOV.L       R3,@-R15
    0000014C              L586:                             
    0000014C A00C                   BRA         L574
    0000014E 7F1C                   ADD         #28,R15
    00000150              L572:                             
    00000150 7D01                   ADD         #1,R13
    00000152              L570:                             
    00000152 62A2                   MOV.L       @R10,R2
    00000154 3D23                   CMP/GE      R2,R13
    00000156 8901                   BT          L590
    00000158 AF65                   BRA         L571
    0000015A 0009                   NOP
    0000015C              L590:                             
    0000015C 61F3                   MOV         R15,R1
    0000015E 7160                   ADD         #96,R1
    00000160 6312                   MOV.L       @R1,R3
    00000162 E000                   MOV         #0,R0
    00000164 2302                   MOV.L       R0,@R3
    00000166 1301                   MOV.L       R0,@(4,R3)
    00000168              L574:                             
    00000168 7F40                   ADD         #64,R15
    0000016A 4F26                   LDS.L       @R15+,PR
    0000016C 68F6                   MOV.L       @R15+,R8
    0000016E 69F6                   MOV.L       @R15+,R9
    00000170 6AF6                   MOV.L       @R15+,R10
    00000172 6BF6                   MOV.L       @R15+,R11
    00000174 6CF6                   MOV.L       @R15+,R12
    00000176 6DF6                   MOV.L       @R15+,R13
    00000178 000B                   RTS
    0000017A 6EF6                   MOV.L       @R15+,R14
    0000017C              L588:                             
    0000017C <00000000>             .DATA.L     _zbzs_x
    00000180 <00000000>             .DATA.L     _intialCZb
    00000184 <00000000>             .DATA.L     _l_pqx
    00000188 <00000000>             .DATA.L     _GetList
    0000018C <00000000>             .DATA.L     _zbzs_a
    00000190 <00000000>             .DATA.L     __ged
    00000194 <00000000>             .DATA.L     __led
    00000198 <00000000>             .DATA.L     _zbzs_y
    0000019C              _xy_to_sd:                       ; function: xy_to_sd
                                                           ; frame size=328
                                                           ; used runtime library name:
                                                           ; __addd, __subdr, __muld, __ltd, __led
    0000019C 2FE6                   MOV.L       R14,@-R15
    0000019E 2FD6                   MOV.L       R13,@-R15
    000001A0 2FC6                   MOV.L       R12,@-R15
    000001A2 2FB6                   MOV.L       R11,@-R15
    000001A4 2FA6                   MOV.L       R10,@-R15
    000001A6 2F96                   MOV.L       R9,@-R15
    000001A8 2F86                   MOV.L       R8,@-R15




SH SERIES C/C++ Compiler (Ver. 6.0C)                                                                 06-Jun-2015 22:51:23  PAGE    5


SCT OFFSET   CODE       C LABEL     INSTRUCTION OPERAND    COMMENT

    000001AA 4F22                   STS.L       PR,@-R15
    000001AC 901F                   MOV.W       L591,R0    ; H'FF1C
    000001AE 3F0C                   ADD         R0,R15
    000001B0 2F42                   MOV.L       R4,@R15
    000001B2 931D                   MOV.W       L591+2,R3  ; H'0108
    000001B4 921D                   MOV.W       L591+4,R2  ; H'00DC
    000001B6 33FC                   ADD         R15,R3
    000001B8 901C                   MOV.W       L591+6,R0  ; H'0110
    000001BA 32FC                   ADD         R15,R2
    000001BC 6132                   MOV.L       @R3,R1
    000001BE 30FC                   ADD         R15,R0
    000001C0 2212                   MOV.L       R1,@R2
    000001C2 5131                   MOV.L       @(4,R3),R1
    000001C4 9317                   MOV.W       L591+8,R3  ; H'00D4
    000001C6 1211                   MOV.L       R1,@(4,R2)
    000001C8 6202                   MOV.L       @R0,R2
    000001CA 33FC                   ADD         R15,R3
    000001CC 9114                   MOV.W       L591+10,R1 ; H'00CC
    000001CE 2322                   MOV.L       R2,@R3
    000001D0 5201                   MOV.L       @(4,R0),R2
    000001D2 31FC                   ADD         R15,R1
    000001D4 1321                   MOV.L       R2,@(4,R3)
    000001D6 E300                   MOV         #0,R3
    000001D8 2132                   MOV.L       R3,@R1
    000001DA 6033                   MOV         R3,R0
    000001DC 1131                   MOV.L       R3,@(4,R1)
    000001DE 6403                   MOV         R0,R4
    000001E0 920B                   MOV.W       L591+12,R2 ; H'00C4
    000001E2 6A03                   MOV         R0,R10
    000001E4 32FC                   ADD         R15,R2
    000001E6 2232                   MOV.L       R3,@R2
    000001E8 1201                   MOV.L       R0,@(4,R2)
    000001EA A1E4                   BRA         L575
    000001EC 6B03                   MOV         R0,R11
    000001EE              L591:                             
    000001EE FF1C                   .DATA.W     H'FF1C
    000001F0 0108                   .DATA.W     H'0108
    000001F2 00DC                   .DATA.W     H'00DC
    000001F4 0110                   .DATA.W     H'0110
    000001F6 00D4                   .DATA.W     H'00D4
    000001F8 00CC                   .DATA.W     H'00CC
    000001FA 00C4                   .DATA.W     H'00C4
    000001FC              L576:                             
    000001FC DD68                   MOV.L       L592+22,R13; _GetList
    000001FE 6EF3                   MOV         R15,R14
    00000200 D468                   MOV.L       L592+26,R4 ; _l_pqx
    00000202 65B3                   MOV         R11,R5
    00000204 7E40                   ADD         #64,R14
    00000206 4D0B                   JSR         @R13
    00000208 2FE6                   MOV.L       R14,@-R15
    0000020A 6CF3                   MOV         R15,R12
    0000020C D465                   MOV.L       L592+26,R4 ; _l_pqx
    0000020E 65B3                   MOV         R11,R5
    00000210 7C08                   ADD         #8,R12
    00000212 7501                   ADD         #1,R5
    00000214 4D0B                   JSR         @R13
    00000216 2FC6                   MOV.L       R12,@-R15




SH SERIES C/C++ Compiler (Ver. 6.0C)                                                                 06-Jun-2015 22:51:23  PAGE    6


SCT OFFSET   CODE       C LABEL     INSTRUCTION OPERAND    COMMENT

    00000218 93B7                   MOV.W       L592,R3    ; H'009C
    0000021A 60E3                   MOV         R14,R0
    0000021C D862                   MOV.L       L592+30,R8 ; _cos
    0000021E 7F08                   ADD         #8,R15
    00000220 D962                   MOV.L       L592+34,R9 ; _sin
    00000222 62E3                   MOV         R14,R2
    00000224 DD62                   MOV.L       L592+38,R13; _rad
    00000226 7018                   ADD         #24,R0
    00000228 7210                   ADD         #16,R2
    0000022A 33FC                   ADD         R15,R3
    0000022C 6122                   MOV.L       @R2,R1
    0000022E 2312                   MOV.L       R1,@R3
    00000230 5121                   MOV.L       @(4,R2),R1
    00000232 1311                   MOV.L       R1,@(4,R3)
    00000234 93AA                   MOV.W       L592+2,R3  ; H'0094
    00000236 61E3                   MOV         R14,R1
    00000238 6202                   MOV.L       @R0,R2
    0000023A 33FC                   ADD         R15,R3
    0000023C 2322                   MOV.L       R2,@R3
    0000023E 7120                   ADD         #32,R1
    00000240 5201                   MOV.L       @(4,R0),R2
    00000242 1321                   MOV.L       R2,@(4,R3)
    00000244 93A3                   MOV.W       L592+4,R3  ; H'008C
    00000246 33FC                   ADD         R15,R3
    00000248 6212                   MOV.L       @R1,R2
    0000024A 2322                   MOV.L       R2,@R3
    0000024C 5211                   MOV.L       @(4,R1),R2
    0000024E 1321                   MOV.L       R2,@(4,R3)
    00000250 909E                   MOV.W       L592+6,R0  ; H'00E8
    00000252 7FF0                   ADD         #-16,R15
    00000254 03FE                   MOV.L       @(R0,R15),R3
    00000256 2F36                   MOV.L       R3,@-R15
    00000258 909A                   MOV.W       L592+6,R0  ; H'00E8
    0000025A 03FE                   MOV.L       @(R0,R15),R3
    0000025C 9099                   MOV.W       L592+8,R0  ; H'00B0
    0000025E 2F36                   MOV.L       R3,@-R15
    00000260 02FE                   MOV.L       @(R0,R15),R2
    00000262 2F26                   MOV.L       R2,@-R15
    00000264 9095                   MOV.W       L592+8,R0  ; H'00B0
    00000266 02FE                   MOV.L       @(R0,R15),R2
    00000268 D152                   MOV.L       L592+42,R1 ; __subdr
    0000026A 2F26                   MOV.L       R2,@-R15
    0000026C 63F3                   MOV         R15,R3
    0000026E 7310                   ADD         #16,R3
    00000270 410B                   JSR         @R1
    00000272 2F36                   MOV.L       R3,@-R15
    00000274 908E                   MOV.W       L592+10,R0 ; H'00B8
    00000276 E300                   MOV         #0,R3
    00000278 D150                   MOV.L       L592+50,R1 ; __addd
    0000027A 7FE8                   ADD         #-24,R15
    0000027C 02FE                   MOV.L       @(R0,R15),R2
    0000027E 2F26                   MOV.L       R2,@-R15
    00000280 9088                   MOV.W       L592+10,R0 ; H'00B8
    00000282 02FE                   MOV.L       @(R0,R15),R2
    00000284 2F26                   MOV.L       R2,@-R15
    00000286 2F36                   MOV.L       R3,@-R15
    00000288 D34B                   MOV.L       L592+46,R3 ; H'C0568000




SH SERIES C/C++ Compiler (Ver. 6.0C)                                                                 06-Jun-2015 22:51:23  PAGE    7


SCT OFFSET   CODE       C LABEL     INSTRUCTION OPERAND    COMMENT

    0000028A 2F36                   MOV.L       R3,@-R15
    0000028C 62F3                   MOV         R15,R2
    0000028E 7210                   ADD         #16,R2
    00000290 410B                   JSR         @R1
    00000292 2F26                   MOV.L       R2,@-R15
    00000294 E308                   MOV         #8,R3
    00000296 33FC                   ADD         R15,R3
    00000298 4D0B                   JSR         @R13
    0000029A 2F36                   MOV.L       R3,@-R15
    0000029C 7F0C                   ADD         #12,R15
    0000029E E008                   MOV         #8,R0
    000002A0 30FC                   ADD         R15,R0
    000002A2 480B                   JSR         @R8
    000002A4 2F06                   MOV.L       R0,@-R15
    000002A6 7F0C                   ADD         #12,R15
    000002A8 D045                   MOV.L       L592+54,R0 ; __muld
    000002AA 63F3                   MOV         R15,R3
    000002AC 7310                   ADD         #16,R3
    000002AE 400B                   JSR         @R0
    000002B0 2F36                   MOV.L       R3,@-R15
    000002B2 7FF0                   ADD         #-16,R15
    000002B4 906F                   MOV.W       L592+12,R0 ; H'00F8
    000002B6 02FE                   MOV.L       @(R0,R15),R2
    000002B8 906D                   MOV.W       L592+12,R0 ; H'00F8
    000002BA 2F26                   MOV.L       R2,@-R15
    000002BC 02FE                   MOV.L       @(R0,R15),R2
    000002BE 2F26                   MOV.L       R2,@-R15
    000002C0 906A                   MOV.W       L592+14,R0 ; H'00C0
    000002C2 03FE                   MOV.L       @(R0,R15),R3
    000002C4 9068                   MOV.W       L592+14,R0 ; H'00C0
    000002C6 2F36                   MOV.L       R3,@-R15
    000002C8 03FE                   MOV.L       @(R0,R15),R3
    000002CA 2F36                   MOV.L       R3,@-R15
    000002CC D139                   MOV.L       L592+42,R1 ; __subdr
    000002CE 62F3                   MOV         R15,R2
    000002D0 7210                   ADD         #16,R2
    000002D2 410B                   JSR         @R1
    000002D4 2F26                   MOV.L       R2,@-R15
    000002D6 7FE8                   ADD         #-24,R15
    000002D8 905E                   MOV.W       L592+14,R0 ; H'00C0
    000002DA E200                   MOV         #0,R2
    000002DC D137                   MOV.L       L592+50,R1 ; __addd
    000002DE 03FE                   MOV.L       @(R0,R15),R3
    000002E0 905A                   MOV.W       L592+14,R0 ; H'00C0
    000002E2 2F36                   MOV.L       R3,@-R15
    000002E4 03FE                   MOV.L       @(R0,R15),R3
    000002E6 2F36                   MOV.L       R3,@-R15
    000002E8 2F26                   MOV.L       R2,@-R15
    000002EA D233                   MOV.L       L592+46,R2 ; H'C0568000
    000002EC 2F26                   MOV.L       R2,@-R15
    000002EE 63F3                   MOV         R15,R3
    000002F0 7310                   ADD         #16,R3
    000002F2 410B                   JSR         @R1
    000002F4 2F36                   MOV.L       R3,@-R15
    000002F6 E208                   MOV         #8,R2
    000002F8 32FC                   ADD         R15,R2
    000002FA 4D0B                   JSR         @R13




SH SERIES C/C++ Compiler (Ver. 6.0C)                                                                 06-Jun-2015 22:51:23  PAGE    8


SCT OFFSET   CODE       C LABEL     INSTRUCTION OPERAND    COMMENT

    000002FC 2F26                   MOV.L       R2,@-R15
    000002FE 7F0C                   ADD         #12,R15
    00000300 E008                   MOV         #8,R0
    00000302 30FC                   ADD         R15,R0
    00000304 490B                   JSR         @R9
    00000306 2F06                   MOV.L       R0,@-R15
    00000308 D02D                   MOV.L       L592+54,R0 ; __muld
    0000030A 7F0C                   ADD         #12,R15
    0000030C 62F3                   MOV         R15,R2
    0000030E 7210                   ADD         #16,R2
    00000310 400B                   JSR         @R0
    00000312 2F26                   MOV.L       R2,@-R15
    00000314 913A                   MOV.W       L592+2,R1  ; H'0094
    00000316 31FC                   ADD         R15,R1
    00000318 D326                   MOV.L       L592+42,R3 ; __subdr
    0000031A 430B                   JSR         @R3
    0000031C 2F16                   MOV.L       R1,@-R15
    0000031E 52EE                   MOV.L       @(56,R14),R2
    00000320 2F26                   MOV.L       R2,@-R15
    00000322 52ED                   MOV.L       @(52,R14),R2
    00000324 2F26                   MOV.L       R2,@-R15
    00000326 53EC                   MOV.L       @(48,R14),R3
    00000328 2F36                   MOV.L       R3,@-R15
    0000032A 53EB                   MOV.L       @(44,R14),R3
    0000032C 2F36                   MOV.L       R3,@-R15
    0000032E 52E9                   MOV.L       @(36,R14),R2
    00000330 2F26                   MOV.L       R2,@-R15
    00000332 52E8                   MOV.L       @(32,R14),R2
    00000334 2F26                   MOV.L       R2,@-R15
    00000336 53E7                   MOV.L       @(28,R14),R3
    00000338 2F36                   MOV.L       R3,@-R15
    0000033A 53E6                   MOV.L       @(24,R14),R3
    0000033C 2F36                   MOV.L       R3,@-R15
    0000033E 52E5                   MOV.L       @(20,R14),R2
    00000340 2F26                   MOV.L       R2,@-R15
    00000342 52E4                   MOV.L       @(16,R14),R2
    00000344 2F26                   MOV.L       R2,@-R15
    00000346 53E3                   MOV.L       @(12,R14),R3
    00000348 2F36                   MOV.L       R3,@-R15
    0000034A 53E2                   MOV.L       @(8,R14),R3
    0000034C 2F36                   MOV.L       R3,@-R15
    0000034E 52E1                   MOV.L       @(4,R14),R2
    00000350 D31C                   MOV.L       L592+58,R3 ; _intialCZb
    00000352 2F26                   MOV.L       R2,@-R15
    00000354 62E2                   MOV.L       @R14,R2
    00000356 2F26                   MOV.L       R2,@-R15
    00000358 430B                   JSR         @R3
    0000035A 54EA                   MOV.L       @(40,R14),R4
    0000035C 931D                   MOV.W       L592+16,R3 ; H'00BC
    0000035E 60C3                   MOV         R12,R0
    00000360 7F38                   ADD         #56,R15
    00000362 62C3                   MOV         R12,R2
    00000364 7210                   ADD         #16,R2
    00000366 33FC                   ADD         R15,R3
    00000368 6122                   MOV.L       @R2,R1
    0000036A 7018                   ADD         #24,R0
    0000036C 2312                   MOV.L       R1,@R3




SH SERIES C/C++ Compiler (Ver. 6.0C)                                                                 06-Jun-2015 22:51:23  PAGE    9


SCT OFFSET   CODE       C LABEL     INSTRUCTION OPERAND    COMMENT

    0000036E 5121                   MOV.L       @(4,R2),R1
    00000370 1311                   MOV.L       R1,@(4,R3)
    00000372 61C3                   MOV         R12,R1
    00000374 9312                   MOV.W       L592+18,R3 ; H'00B4
    00000376 7120                   ADD         #32,R1
    00000378 6202                   MOV.L       @R0,R2
    0000037A 33FC                   ADD         R15,R3
    0000037C 2322                   MOV.L       R2,@R3
    0000037E 5201                   MOV.L       @(4,R0),R2
    00000380 1321                   MOV.L       R2,@(4,R3)
    00000382 930C                   MOV.W       L592+20,R3 ; H'00AC
    00000384 33FC                   ADD         R15,R3
    00000386 A01F                   BRA         L587
    00000388 0009                   NOP
    0000038A              L592:                             
    0000038A 009C                   .DATA.W     H'009C
    0000038C 0094                   .DATA.W     H'0094
    0000038E 008C                   .DATA.W     H'008C
    00000390 00E8                   .DATA.W     H'00E8
    00000392 00B0                   .DATA.W     H'00B0
    00000394 00B8                   .DATA.W     H'00B8
    00000396 00F8                   .DATA.W     H'00F8
    00000398 00C0                   .DATA.W     H'00C0
    0000039A 00BC                   .DATA.W     H'00BC
    0000039C 00B4                   .DATA.W     H'00B4
    0000039E 00AC                   .DATA.W     H'00AC
    000003A0 <00000000>             .DATA.L     _GetList
    000003A4 <00000000>             .DATA.L     _l_pqx
    000003A8 <00000000>             .DATA.L     _cos
    000003AC <00000000>             .DATA.L     _sin
    000003B0 <00000000>             .DATA.L     _rad
    000003B4 <00000000>             .DATA.L     __subdr
    000003B8 C0568000               .DATA.L     H'C0568000
    000003BC <00000000>             .DATA.L     __addd
    000003C0 <00000000>             .DATA.L     __muld
    000003C4 <00000000>             .DATA.L     _intialCZb
    000003C8              L587:                             
    000003C8 6212                   MOV.L       @R1,R2
    000003CA 2322                   MOV.L       R2,@R3
    000003CC 5211                   MOV.L       @(4,R1),R2
    000003CE 1321                   MOV.L       R2,@(4,R3)
    000003D0 9095                   MOV.W       L593,R0    ; H'00E8
    000003D2 7FF0                   ADD         #-16,R15
    000003D4 D14E                   MOV.L       L593+18,R1 ; __subdr
    000003D6 00FE                   MOV.L       @(R0,R15),R0
    000003D8 2F06                   MOV.L       R0,@-R15
    000003DA 9090                   MOV.W       L593,R0    ; H'00E8
    000003DC 00FE                   MOV.L       @(R0,R15),R0
    000003DE 2F06                   MOV.L       R0,@-R15
    000003E0 908E                   MOV.W       L593+2,R0  ; H'00D0
    000003E2 03FE                   MOV.L       @(R0,R15),R3
    000003E4 908C                   MOV.W       L593+2,R0  ; H'00D0
    000003E6 2F36                   MOV.L       R3,@-R15
    000003E8 03FE                   MOV.L       @(R0,R15),R3
    000003EA 2F36                   MOV.L       R3,@-R15
    000003EC 62F3                   MOV         R15,R2
    000003EE 7210                   ADD         #16,R2




SH SERIES C/C++ Compiler (Ver. 6.0C)                                                                 06-Jun-2015 22:51:23  PAGE   10


SCT OFFSET   CODE       C LABEL     INSTRUCTION OPERAND    COMMENT

    000003F0 410B                   JSR         @R1
    000003F2 2F26                   MOV.L       R2,@-R15
    000003F4 9085                   MOV.W       L593+4,R0  ; H'00D8
    000003F6 E200                   MOV         #0,R2
    000003F8 D147                   MOV.L       L593+26,R1 ; __addd
    000003FA 7FE8                   ADD         #-24,R15
    000003FC 03FE                   MOV.L       @(R0,R15),R3
    000003FE 2F36                   MOV.L       R3,@-R15
    00000400 907F                   MOV.W       L593+4,R0  ; H'00D8
    00000402 03FE                   MOV.L       @(R0,R15),R3
    00000404 2F36                   MOV.L       R3,@-R15
    00000406 2F26                   MOV.L       R2,@-R15
    00000408 D242                   MOV.L       L593+22,R2 ; H'C0568000
    0000040A 2F26                   MOV.L       R2,@-R15
    0000040C 63F3                   MOV         R15,R3
    0000040E 7310                   ADD         #16,R3
    00000410 410B                   JSR         @R1
    00000412 2F36                   MOV.L       R3,@-R15
    00000414 E208                   MOV         #8,R2
    00000416 32FC                   ADD         R15,R2
    00000418 4D0B                   JSR         @R13
    0000041A 2F26                   MOV.L       R2,@-R15
    0000041C 7F0C                   ADD         #12,R15
    0000041E E008                   MOV         #8,R0
    00000420 30FC                   ADD         R15,R0
    00000422 480B                   JSR         @R8
    00000424 2F06                   MOV.L       R0,@-R15
    00000426 7F0C                   ADD         #12,R15
    00000428 D03C                   MOV.L       L593+30,R0 ; __muld
    0000042A 62F3                   MOV         R15,R2
    0000042C 7210                   ADD         #16,R2
    0000042E 400B                   JSR         @R0
    00000430 2F26                   MOV.L       R2,@-R15
    00000432 7FF0                   ADD         #-16,R15
    00000434 9066                   MOV.W       L593+6,R0  ; H'00F8
    00000436 03FE                   MOV.L       @(R0,R15),R3
    00000438 9064                   MOV.W       L593+6,R0  ; H'00F8
    0000043A 2F36                   MOV.L       R3,@-R15
    0000043C 03FE                   MOV.L       @(R0,R15),R3
    0000043E 2F36                   MOV.L       R3,@-R15
    00000440 9061                   MOV.W       L593+8,R0  ; H'00E0
    00000442 02FE                   MOV.L       @(R0,R15),R2
    00000444 905F                   MOV.W       L593+8,R0  ; H'00E0
    00000446 2F26                   MOV.L       R2,@-R15
    00000448 02FE                   MOV.L       @(R0,R15),R2
    0000044A 2F26                   MOV.L       R2,@-R15
    0000044C D130                   MOV.L       L593+18,R1 ; __subdr
    0000044E 63F3                   MOV         R15,R3
    00000450 7310                   ADD         #16,R3
    00000452 410B                   JSR         @R1
    00000454 2F36                   MOV.L       R3,@-R15
    00000456 7FE8                   ADD         #-24,R15
    00000458 9055                   MOV.W       L593+8,R0  ; H'00E0
    0000045A E300                   MOV         #0,R3
    0000045C D12E                   MOV.L       L593+26,R1 ; __addd
    0000045E 02FE                   MOV.L       @(R0,R15),R2
    00000460 9051                   MOV.W       L593+8,R0  ; H'00E0




SH SERIES C/C++ Compiler (Ver. 6.0C)                                                                 06-Jun-2015 22:51:23  PAGE   11


SCT OFFSET   CODE       C LABEL     INSTRUCTION OPERAND    COMMENT

    00000462 2F26                   MOV.L       R2,@-R15
    00000464 02FE                   MOV.L       @(R0,R15),R2
    00000466 2F26                   MOV.L       R2,@-R15
    00000468 2F36                   MOV.L       R3,@-R15
    0000046A D32A                   MOV.L       L593+22,R3 ; H'C0568000
    0000046C 2F36                   MOV.L       R3,@-R15
    0000046E 62F3                   MOV         R15,R2
    00000470 7210                   ADD         #16,R2
    00000472 410B                   JSR         @R1
    00000474 2F26                   MOV.L       R2,@-R15
    00000476 E308                   MOV         #8,R3
    00000478 33FC                   ADD         R15,R3
    0000047A 4D0B                   JSR         @R13
    0000047C 2F36                   MOV.L       R3,@-R15
    0000047E 7F0C                   ADD         #12,R15
    00000480 E008                   MOV         #8,R0
    00000482 30FC                   ADD         R15,R0
    00000484 490B                   JSR         @R9
    00000486 2F06                   MOV.L       R0,@-R15
    00000488 D024                   MOV.L       L593+30,R0 ; __muld
    0000048A 7F0C                   ADD         #12,R15
    0000048C 63F3                   MOV         R15,R3
    0000048E 7310                   ADD         #16,R3
    00000490 400B                   JSR         @R0
    00000492 2F36                   MOV.L       R3,@-R15
    00000494 9138                   MOV.W       L593+10,R1 ; H'00B4
    00000496 31FC                   ADD         R15,R1
    00000498 D21D                   MOV.L       L593+18,R2 ; __subdr
    0000049A 420B                   JSR         @R2
    0000049C 2F16                   MOV.L       R1,@-R15
    0000049E 7FF8                   ADD         #-8,R15
    000004A0 9033                   MOV.W       L593+12,R0 ; H'00B0
    000004A2 03FE                   MOV.L       @(R0,R15),R3
    000004A4 9031                   MOV.W       L593+12,R0 ; H'00B0
    000004A6 2F36                   MOV.L       R3,@-R15
    000004A8 03FE                   MOV.L       @(R0,R15),R3
    000004AA 2F36                   MOV.L       R3,@-R15
    000004AC 902E                   MOV.W       L593+14,R0 ; H'0098
    000004AE 02FE                   MOV.L       @(R0,R15),R2
    000004B0 902C                   MOV.W       L593+14,R0 ; H'0098
    000004B2 2F26                   MOV.L       R2,@-R15
    000004B4 02FE                   MOV.L       @(R0,R15),R2
    000004B6 2F26                   MOV.L       R2,@-R15
    000004B8 D118                   MOV.L       L593+30,R1 ; __muld
    000004BA 63F3                   MOV         R15,R3
    000004BC 7310                   ADD         #16,R3
    000004BE 410B                   JSR         @R1
    000004C0 2F36                   MOV.L       R3,@-R15
    000004C2 E200                   MOV         #0,R2
    000004C4 D316                   MOV.L       L593+34,R3 ; __led
    000004C6 2F26                   MOV.L       R2,@-R15
    000004C8 430B                   JSR         @R3
    000004CA 2F26                   MOV.L       R2,@-R15
    000004CC 8800                   CMP/EQ      #0,R0
    000004CE 8971                   BT          L577
    000004D0 DE14                   MOV.L       L593+38,R14; _zbfs_d
    000004D2 7A01                   ADD         #1,R10




SH SERIES C/C++ Compiler (Ver. 6.0C)                                                                 06-Jun-2015 22:51:23  PAGE   12


SCT OFFSET   CODE       C LABEL     INSTRUCTION OPERAND    COMMENT

    000004D4 60A3                   MOV         R10,R0
    000004D6 8801                   CMP/EQ      #1,R0
    000004D8 8B26                   BF          L578
    000004DA 9012                   MOV.W       L593+4,R0  ; H'00D8
    000004DC 03FE                   MOV.L       @(R0,R15),R3
    000004DE 2F36                   MOV.L       R3,@-R15
    000004E0 900F                   MOV.W       L593+4,R0  ; H'00D8
    000004E2 03FE                   MOV.L       @(R0,R15),R3
    000004E4 900B                   MOV.W       L593,R0    ; H'00E8
    000004E6 2F36                   MOV.L       R3,@-R15
    000004E8 02FE                   MOV.L       @(R0,R15),R2
    000004EA 2F26                   MOV.L       R2,@-R15
    000004EC 9007                   MOV.W       L593,R0    ; H'00E8
    000004EE 02FE                   MOV.L       @(R0,R15),R2
    000004F0 930D                   MOV.W       L593+16,R3 ; H'00D4
    000004F2 2F26                   MOV.L       R2,@-R15
    000004F4 33FC                   ADD         R15,R3
    000004F6 4E0B                   JSR         @R14
    000004F8 2F36                   MOV.L       R3,@-R15
    000004FA A049                   BRA         L565
    000004FC 7F14                   ADD         #20,R15
    000004FE              L593:                             
    000004FE 00E8                   .DATA.W     H'00E8
    00000500 00D0                   .DATA.W     H'00D0
    00000502 00D8                   .DATA.W     H'00D8
    00000504 00F8                   .DATA.W     H'00F8
    00000506 00E0                   .DATA.W     H'00E0
    00000508 00B4                   .DATA.W     H'00B4
    0000050A 00B0                   .DATA.W     H'00B0
    0000050C 0098                   .DATA.W     H'0098
    0000050E 00D4                   .DATA.W     H'00D4
    00000510 <00000000>             .DATA.L     __subdr
    00000514 C0568000               .DATA.L     H'C0568000
    00000518 <00000000>             .DATA.L     __addd
    0000051C <00000000>             .DATA.L     __muld
    00000520 <00000000>             .DATA.L     __led
    00000524 <00000000>             .DATA.L     _zbfs_d
    00000528              L578:                             
    00000528 9079                   MOV.W       L594,R0    ; H'00D8
    0000052A 01FE                   MOV.L       @(R0,R15),R1
    0000052C 9077                   MOV.W       L594,R0    ; H'00D8
    0000052E 2F16                   MOV.L       R1,@-R15
    00000530 01FE                   MOV.L       @(R0,R15),R1
    00000532 2F16                   MOV.L       R1,@-R15
    00000534 9074                   MOV.W       L594+2,R0  ; H'00E8
    00000536 03FE                   MOV.L       @(R0,R15),R3
    00000538 9072                   MOV.W       L594+2,R0  ; H'00E8
    0000053A 2F36                   MOV.L       R3,@-R15
    0000053C 03FE                   MOV.L       @(R0,R15),R3
    0000053E 2F36                   MOV.L       R3,@-R15
    00000540 926F                   MOV.W       L594+4,R2  ; H'008C
    00000542 32FC                   ADD         R15,R2
    00000544 4E0B                   JSR         @R14
    00000546 2F26                   MOV.L       R2,@-R15
    00000548 DE39                   MOV.L       L594+18,R14; _fabs
    0000054A 7F0C                   ADD         #12,R15
    0000054C 906A                   MOV.W       L594+6,R0  ; H'0088




SH SERIES C/C++ Compiler (Ver. 6.0C)                                                                 06-Jun-2015 22:51:23  PAGE   13


SCT OFFSET   CODE       C LABEL     INSTRUCTION OPERAND    COMMENT

    0000054E E208                   MOV         #8,R2
    00000550 03FE                   MOV.L       @(R0,R15),R3
    00000552 2F36                   MOV.L       R3,@-R15
    00000554 9066                   MOV.W       L594+6,R0  ; H'0088
    00000556 03FE                   MOV.L       @(R0,R15),R3
    00000558 2F36                   MOV.L       R3,@-R15
    0000055A 32FC                   ADD         R15,R2
    0000055C 4E0B                   JSR         @R14
    0000055E 2F26                   MOV.L       R2,@-R15
    00000560 905D                   MOV.W       L594,R0    ; H'00D8
    00000562 E308                   MOV         #8,R3
    00000564 7F04                   ADD         #4,R15
    00000566 01FE                   MOV.L       @(R0,R15),R1
    00000568 9059                   MOV.W       L594,R0    ; H'00D8
    0000056A 2F16                   MOV.L       R1,@-R15
    0000056C 01FE                   MOV.L       @(R0,R15),R1
    0000056E 2F16                   MOV.L       R1,@-R15
    00000570 33FC                   ADD         R15,R3
    00000572 4E0B                   JSR         @R14
    00000574 2F36                   MOV.L       R3,@-R15
    00000576 D22F                   MOV.L       L594+22,R2 ; __ltd
    00000578 420B                   JSR         @R2
    0000057A 7F0C                   ADD         #12,R15
    0000057C 8800                   CMP/EQ      #0,R0
    0000057E 8919                   BT          L577
    00000580 9151                   MOV.W       L594+8,R1  ; H'00C4
    00000582 63F3                   MOV         R15,R3
    00000584 737C                   ADD         #124,R3
    00000586 31FC                   ADD         R15,R1
    00000588 6232                   MOV.L       @R3,R2
    0000058A 2122                   MOV.L       R2,@R1
    0000058C 5231                   MOV.L       @(4,R3),R2
    0000058E 1121                   MOV.L       R2,@(4,R1)
    00000590              L565:
    00000590 DE29                   MOV.L       L594+26,R14; _zbfs_s
    00000592 9044                   MOV.W       L594,R0    ; H'00D8
    00000594 03FE                   MOV.L       @(R0,R15),R3
    00000596 2F36                   MOV.L       R3,@-R15
    00000598 9041                   MOV.W       L594,R0    ; H'00D8
    0000059A 03FE                   MOV.L       @(R0,R15),R3
    0000059C 9040                   MOV.W       L594+2,R0  ; H'00E8
    0000059E 2F36                   MOV.L       R3,@-R15
    000005A0 02FE                   MOV.L       @(R0,R15),R2
    000005A2 2F26                   MOV.L       R2,@-R15
    000005A4 903C                   MOV.W       L594+2,R0  ; H'00E8
    000005A6 02FE                   MOV.L       @(R0,R15),R2
    000005A8 933E                   MOV.W       L594+10,R3 ; H'00DC
    000005AA 2F26                   MOV.L       R2,@-R15
    000005AC 33FC                   ADD         R15,R3
    000005AE 4E0B                   JSR         @R14
    000005B0 2F36                   MOV.L       R3,@-R15
    000005B2 7F14                   ADD         #20,R15
    000005B4              L577:                             
    000005B4 7B01                   ADD         #1,R11
    000005B6              L575:                             
    000005B6 D421                   MOV.L       L594+30,R4 ; _l_pqx
    000005B8 6242                   MOV.L       @R4,R2




SH SERIES C/C++ Compiler (Ver. 6.0C)                                                                 06-Jun-2015 22:51:23  PAGE   14


SCT OFFSET   CODE       C LABEL     INSTRUCTION OPERAND    COMMENT

    000005BA 72FF                   ADD         #-1,R2
    000005BC 3B23                   CMP/GE      R2,R11
    000005BE 8901                   BT          L595
    000005C0 AE1C                   BRA         L576
    000005C2 0009                   NOP
    000005C4              L595:                             
    000005C4 2AA8                   TST         R10,R10
    000005C6 8B08                   BF          L581
    000005C8 932F                   MOV.W       L594+12,R3 ; H'0104
    000005CA 33FC                   ADD         R15,R3
    000005CC 6232                   MOV.L       @R3,R2
    000005CE D11C                   MOV.L       L594+34,R1 ; H'C202A05F
    000005D0 2212                   MOV.L       R1,@R2
    000005D2 D11C                   MOV.L       L594+38,R1 ; H'20000000
    000005D4 1211                   MOV.L       R1,@(4,R2)
    000005D6 A017                   BRA         L582
    000005D8 0009                   NOP
    000005DA              L581:                             
    000005DA 60F2                   MOV.L       @R15,R0
    000005DC 2008                   TST         R0,R0
    000005DE 8B0A                   BF          L583
    000005E0 9323                   MOV.W       L594+12,R3 ; H'0104
    000005E2 33FC                   ADD         R15,R3
    000005E4 6232                   MOV.L       @R3,R2
    000005E6 9021                   MOV.W       L594+14,R0 ; H'00CC
    000005E8 30FC                   ADD         R15,R0
    000005EA 6102                   MOV.L       @R0,R1
    000005EC 2212                   MOV.L       R1,@R2
    000005EE 5101                   MOV.L       @(4,R0),R1
    000005F0 1211                   MOV.L       R1,@(4,R2)
    000005F2 A009                   BRA         L582
    000005F4 0009                   NOP
    000005F6              L583:                             
    000005F6 9018                   MOV.W       L594+12,R0 ; H'0104
    000005F8 9215                   MOV.W       L594+8,R2  ; H'00C4
    000005FA 00FE                   MOV.L       @(R0,R15),R0
    000005FC 32FC                   ADD         R15,R2
    000005FE 6303                   MOV         R0,R3
    00000600 6122                   MOV.L       @R2,R1
    00000602 2312                   MOV.L       R1,@R3
    00000604 5121                   MOV.L       @(4,R2),R1
    00000606 1311                   MOV.L       R1,@(4,R3)
    00000608              L582:                             
    00000608 9111                   MOV.W       L594+16,R1 ; H'00E4
    0000060A 3F1C                   ADD         R1,R15
    0000060C 4F26                   LDS.L       @R15+,PR
    0000060E 68F6                   MOV.L       @R15+,R8
    00000610 69F6                   MOV.L       @R15+,R9
    00000612 6AF6                   MOV.L       @R15+,R10
    00000614 6BF6                   MOV.L       @R15+,R11
    00000616 6CF6                   MOV.L       @R15+,R12
    00000618 6DF6                   MOV.L       @R15+,R13
    0000061A 000B                   RTS
    0000061C 6EF6                   MOV.L       @R15+,R14
    0000061E              L594:                             
    0000061E 00D8                   .DATA.W     H'00D8
    00000620 00E8                   .DATA.W     H'00E8




SH SERIES C/C++ Compiler (Ver. 6.0C)                                                                 06-Jun-2015 22:51:23  PAGE   15


SCT OFFSET   CODE       C LABEL     INSTRUCTION OPERAND    COMMENT

    00000622 008C                   .DATA.W     H'008C
    00000624 0088                   .DATA.W     H'0088
    00000626 00C4                   .DATA.W     H'00C4
    00000628 00DC                   .DATA.W     H'00DC
    0000062A 0104                   .DATA.W     H'0104
    0000062C 00CC                   .DATA.W     H'00CC
    0000062E 00E4                   .DATA.W     H'00E4
    00000630 <00000000>             .DATA.L     _fabs
    00000634 <00000000>             .DATA.L     __ltd
    00000638 <00000000>             .DATA.L     _zbfs_s
    0000063C <00000000>             .DATA.L     _l_pqx
    00000640 C202A05F               .DATA.L     H'C202A05F
    00000644 20000000               .DATA.L     H'20000000
            xy.c     2    #include "cvs.h"
            xy.c     3    #include "zbzfs.h"

            xy.c     4    //#include "public.h"
            xy.c     5    #include "headfile.h"












            xy.c     6    
            xy.c     7    
            xy.c     8    
            xy.c     9    double sd_to_xya( double stake, double distance, double angle, int xy );
            xy.c    10    
            xy.c    11    double xy_to_sd( double PX, double PY, int sd );
            xy.c    12    
            xy.c    13    double sd_to_xya( double stake, double distance, double angle, int xya )
            xy.c    14    {       
            xy.c    15    
            xy.c    16        int iter;
            xy.c    17            s_pqx temp;
            xy.c    18            for(iter=0; iter<l_pqx.length; iter++)
            xy.c    19            {       
            xy.c    20            temp = GetList(&l_pqx,iter);
            xy.c    21                    if( stake>=temp.ss && stake<=temp.es )
            xy.c    22                    {       
            xy.c    23                        intialCZb(temp.ss, temp.es, temp.sx, temp.sy, temp.sa, temp.v, temp.sp, temp.ep);
            xy.c    24                            
            xy.c    25                            switch( xya )
            xy.c    26                            {       case 0:
            xy.c    27                                            return zbzs_x(stake, distance, angle);
            xy.c    28                                            break;
            xy.c    29                                    case 1:
            xy.c    30                                            return zbzs_y(stake, distance, angle);
            xy.c    31                                            break;
            xy.c    32                                    default:
            xy.c    33                                            return zbzs_a(stake, distance, angle);
            xy.c    34                            }
            xy.c    35                    }
            xy.c    36            }
            xy.c    37            return 0;
            xy.c    38            
            xy.c    39    }
            xy.c    40    
            xy.c    41    
            xy.c    42    double xy_to_sd( double PX, double PY, int sd )
            xy.c    43    {       
            xy.c    44    
            xy.c    45            double x = PX;




SH SERIES C/C++ Compiler (Ver. 6.0C)                                                                 06-Jun-2015 22:51:23  PAGE   16


SCT OFFSET   CODE       C LABEL     INSTRUCTION OPERAND    COMMENT

            xy.c    46            double y = PY;
            xy.c    47    
            xy.c    48            double stake   = 0;             
            xy.c    49            double mindist = 0;             
            xy.c    50            
            xy.c    51            int inum = 0;           
            xy.c    52    
            xy.c    53            double ex, ey, ea;
            xy.c    54            double ped;
            xy.c    55            double sx, sy, sa;      
            xy.c    56            double psd;             
            xy.c    57        double swapdist;
            xy.c    58            int iter;
            xy.c    59            s_pqx temp,temp1;
            xy.c    60            for(iter=0; iter<l_pqx.length-1; iter++)
            xy.c    61            {       
            xy.c    62            temp  = GetList(&l_pqx,iter);
            xy.c    63                    temp1 = GetList(&l_pqx,iter+1);
            xy.c    64                    sx = temp.sx;
            xy.c    65                    sy = temp.sy;
            xy.c    66                    sa = temp.sa;
            xy.c    67                    psd = (y - sy) * cos( rad(sa - 90) ) - (x - sx) * sin( rad(sa - 90) ); //结果可能正负
            xy.c    68                    
            xy.c    69                    intialCZb(temp.ss, temp.es, temp.sx, temp.sy, temp.sa, temp.v, temp.sp, temp.ep);
            xy.c    70                    //ex = zbzs_x(temp.es, 0, 0);
            xy.c    71                    //ey = zbzs_y(temp.es, 0, 0);
            xy.c    72                    //ea = zbzs_a(temp.es, 0, 0);
            xy.c    73                    ex = temp1.sx;
            xy.c    74                    ey = temp1.sy;
            xy.c    75                    ea = temp1.sa;
            xy.c    76                    ped = (y - ey) * cos( rad(ea -90) ) - (x - ex) * sin( rad(ea - 90) );
            xy.c    77    
            xy.c    78                    if( psd * ped <= 0)  
            xy.c    79                    {       inum++;
            xy.c    80                            if( inum==1 )
            xy.c    81                            {       mindist = zbfs_d(x, y);
            xy.c    82                                    stake = zbfs_s(x, y);
            xy.c    83                            }
            xy.c    84                            else
            xy.c    85                            {       swapdist = zbfs_d(x, y);
            xy.c    86                                    if( fabs(swapdist) < fabs(mindist) )
            xy.c    87                                    {       mindist = swapdist;
            xy.c    88                                            stake = zbfs_s(x, y);
            xy.c    89                                    }
            xy.c    90                            }
            xy.c    91                    }
            xy.c    92            }
            xy.c    93    
            xy.c    94            if( inum == 0 )
            xy.c    95            {       return -(1e10);
            xy.c    96            }
            xy.c    97    
            xy.c    98            if( sd==0 )
            xy.c    99            {       return stake;
            xy.c   100            }
            xy.c   101            else
            xy.c   102            {       return mindist;




SH SERIES C/C++ Compiler (Ver. 6.0C)                                                                 06-Jun-2015 22:51:23  PAGE   17


SCT OFFSET   CODE       C LABEL     INSTRUCTION OPERAND    COMMENT

            xy.c   103            }
            xy.c   104    }



























































SH SERIES C/C++ Compiler (Ver. 6.0C)                                                                 06-Jun-2015 22:51:23  PAGE    1


******** STATISTICS INFORMATION ********


********** ERROR INFORMATION ***********

NUMBER OF ERRORS:           0
NUMBER OF WARNINGS:        15




******* SOURCE LINE INFORMATION ********

COMPILED SOURCE LINE:      104



******* SECTION SIZE INFORMATION *******

PROGRAM  SECTION (P):                               00000648 Byte(s)
CONSTANT SECTION (C):                               00000000 Byte(s)
DATA     SECTION (D):                               00000000 Byte(s)
BSS      SECTION (B):                               00000000 Byte(s)

 TOTAL PROGRAM SIZE: 00000648 Byte(s)



********** LABEL INFORMATION ***********

NUMBER OF EXTERNAL REFERENCE SYMBOLS:           18
NUMBER OF EXTERNAL DEFINITION SYMBOLS:           2
NUMBER OF INTERNAL/EXTERNAL SYMBOLS:            45






























*** COMMAND PARAMETER ***


  -subcommand=C:\Users\ADMINI~1\AppData\Local\Temp\hmk9060.tmp 

